<?xml version="1.0" encoding="UTF-8"?>
<!-- Generated by org.testng.reporters.JUnitReportReporter -->
<testsuite hostname="dcasillas-mac" failures="0" tests="1" name="testSuites.HomePageTestSuite" time="8.215" errors="0" timestamp="2023-03-07T13:59:27 CST" skipped="0">
  <testcase classname="testSuites.HomePageTestSuite" name="validatePercyLink" time="8.215"/>
  <system-out/>
</testsuite> <!-- testSuites.HomePageTestSuite -->
